<?xml version="1.0" encoding="UTF-8"?>
<testsuite xmlns:xsi="http://www.w3.org/2001/XMLSchema-instance" xsi:noNamespaceSchemaLocation="https://maven.apache.org/surefire/maven-surefire-plugin/xsd/surefire-test-report.xsd" version="3.0.2" name="com.sigpro.SigprodApplicationTests" time="12.953" tests="1" errors="0" skipped="0" failures="0" flakes="0">
  <properties>
[...]
</properties>
  <testcase name="contextLoads" classname="com.sigpro.SigprodApplicationTests" time="0.024">
    <system-out><![CDATA[12:28:58.373 [main] INFO org.springframework.test.context.support.AnnotationConfigContextLoaderUtils -- Could not detect default configuration classes for test class [com.sigpro.SigprodApplicationTests]: SigprodApplicationTests does not declare any static, non-private, non-final, nested classes annotated with @Configuration.
12:28:58.743 [main] INFO org.springframework.boot.test.context.SpringBootTestContextBootstrapper -- Found @SpringBootConfiguration com.sigpro.SigprodApplication for test class com.sigpro.SigprodApplicationTests
12:28:58.934 [main] INFO org.springframework.test.context.support.AnnotationConfigContextLoaderUtils -- Could not detect default configuration classes for test class [com.sigpro.SigprodApplicationTests]: SigprodApplicationTests does not declare any static, non-private, non-final, nested classes annotated with @Configuration.
12:28:58.937 [main] INFO org.springframework.boot.test.context.SpringBootTestContextBootstrapper -- Found @SpringBootConfiguration com.sigpro.SigprodApplication for test class com.sigpro.SigprodApplicationTests
12:28:59.141 [main] INFO org.springframework.boot.devtools.restart.RestartApplicationListener -- Restart disabled due to context in which it is running

  .   ____          _            __ _ _
 /\\ / ___'_ __ _ _(_)_ __  __ _ \ \ \ \
( ( )\___ | '_ | '_| | '_ \/ _` | \ \ \ \
 \\/  ___)| |_)| | | | | || (_| |  ) ) ) )
  '  |____| .__|_| |_|_| |_\__, | / / / /
 =========|_|==============|___/=/_/_/_/

 :: Spring Boot ::                (v4.0.6)

2026-05-02T12:28:59.849-05:00  INFO 20904 --- [SIGPROD] [           main] com.sigpro.SigprodApplicationTests       : Starting SigprodApplicationTests using Java 17.0.12 with PID 20904 (started by clanf in C:\empresarialesapp\sigprod)
2026-05-02T12:28:59.853-05:00  INFO 20904 --- [SIGPROD] [           main] com.sigpro.SigprodApplicationTests       : The following 1 profile is active: "dev"
2026-05-02T12:29:02.484-05:00  INFO 20904 --- [SIGPROD] [           main] .s.d.r.c.RepositoryConfigurationDelegate : Bootstrapping Spring Data MongoDB repositories in DEFAULT mode.
2026-05-02T12:29:02.655-05:00  INFO 20904 --- [SIGPROD] [           main] .s.d.r.c.RepositoryConfigurationDelegate : Finished Spring Data repository scanning in 151 ms. Found 28 MongoDB repository interfaces.
2026-05-02T12:29:03.284-05:00  INFO 20904 --- [SIGPROD] [           main] c.s.c.SigprodMongoClientConfiguration    : MongoClient creado explícitamente con la URI resuelta por Spring: mongodb+srv://***@empresarial.lpqrstc.mongodb.net/sigprod?retryWrites=true&w=majority&serverSelectionTimeoutMS=10000&connectTimeoutMS=10000&socketTimeoutMS=15000
2026-05-02T12:29:03.753-05:00  INFO 20904 --- [SIGPROD] [           main] org.mongodb.driver.client                : MongoClient with metadata {"driver": {"name": "mongo-java-driver|sync", "version": "5.6.5"}, "os": {"type": "Windows", "name": "Windows 11", "architecture": "amd64", "version": "10.0"}, "platform": "Java/Oracle Corporation/17.0.12+8-LTS-286"} created with settings MongoClientSettings{readPreference=primary, writeConcern=WriteConcern{w=majority, wTimeout=null ms, journal=null}, retryWrites=true, retryReads=true, readConcern=ReadConcern{level=null}, credential=MongoCredential{mechanism=null, userName='Empresarial', source='admin', password=<hidden>, mechanismProperties=<hidden>}, transportSettings=null, commandListeners=[], codecRegistry=ProvidersCodecRegistry{codecProviders=[ValueCodecProvider{}, BsonValueCodecProvider{}, DBRefCodecProvider{}, DBObjectCodecProvider{}, DocumentCodecProvider{}, CollectionCodecProvider{}, IterableCodecProvider{}, MapCodecProvider{}, GeoJsonCodecProvider{}, GridFSFileCodecProvider{}, Jsr310CodecProvider{}, JsonObjectCodecProvider{}, BsonCodecProvider{}, com.mongodb.client.model.mql.ExpressionCodecProvider@4e3ffd0, com.mongodb.Jep395RecordCodecProvider@5ca86715, com.mongodb.KotlinCodecProvider@53d808ea, EnumCodecProvider{}]}, loggerSettings=LoggerSettings{maxDocumentLength=1000}, clusterSettings={hosts=[127.0.0.1:27017], srvHost=empresarial.lpqrstc.mongodb.net, srvServiceName=mongodb, mode=MULTIPLE, requiredClusterType=REPLICA_SET, requiredReplicaSetName='atlas-131tqj-shard-0', serverSelector='null', clusterListeners='[]', serverSelectionTimeout='10000 ms', localThreshold='15 ms'}, socketSettings=SocketSettings{connectTimeoutMS=10000, readTimeoutMS=15000, receiveBufferSize=0, proxySettings=ProxySettings{host=null, port=null, username=null, password=null}}, heartbeatSocketSettings=SocketSettings{connectTimeoutMS=10000, readTimeoutMS=10000, receiveBufferSize=0, proxySettings=ProxySettings{host=null, port=null, username=null, password=null}}, connectionPoolSettings=ConnectionPoolSettings{maxSize=100, minSize=0, maxWaitTimeMS=120000, maxConnectionLifeTimeMS=0, maxConnectionIdleTimeMS=0, maintenanceInitialDelayMS=0, maintenanceFrequencyMS=60000, connectionPoolListeners=[], maxConnecting=2}, serverSettings=ServerSettings{heartbeatFrequencyMS=10000, minHeartbeatFrequencyMS=500, serverMonitoringMode=AUTO, serverListeners='[]', serverMonitorListeners='[]'}, sslSettings=SslSettings{enabled=true, invalidHostNameAllowed=false, context=null}, applicationName='null', compressorList=[], uuidRepresentation=UNSPECIFIED, serverApi=null, autoEncryptionSettings=null, dnsClient=null, inetAddressResolver=null, contextProvider=null, timeoutMS=null}
2026-05-02T12:29:03.878-05:00  INFO 20904 --- [SIGPROD] [stc.mongodb.net] org.mongodb.driver.cluster               : Adding discovered server ac-yaibhqr-shard-00-00.lpqrstc.mongodb.net:27017 to client view of cluster
2026-05-02T12:29:03.944-05:00  INFO 20904 --- [SIGPROD] [stc.mongodb.net] org.mongodb.driver.cluster               : Adding discovered server ac-yaibhqr-shard-00-01.lpqrstc.mongodb.net:27017 to client view of cluster
2026-05-02T12:29:03.945-05:00  INFO 20904 --- [SIGPROD] [stc.mongodb.net] org.mongodb.driver.cluster               : Adding discovered server ac-yaibhqr-shard-00-02.lpqrstc.mongodb.net:27017 to client view of cluster
2026-05-02T12:29:05.299-05:00  INFO 20904 --- [SIGPROD] [ngodb.net:27017] org.mongodb.driver.cluster               : Monitor thread successfully connected to server with description ServerDescription{address=ac-yaibhqr-shard-00-02.lpqrstc.mongodb.net:27017, type=REPLICA_SET_PRIMARY, cryptd=false, state=CONNECTED, ok=true, minWireVersion=0, maxWireVersion=25, maxDocumentSize=16777216, logicalSessionTimeoutMinutes=30, roundTripTimeNanos=605528600, minRoundTripTimeNanos=0, setName='atlas-131tqj-shard-0', canonicalAddress=ac-yaibhqr-shard-00-02.lpqrstc.mongodb.net:27017, hosts=[ac-yaibhqr-shard-00-01.lpqrstc.mongodb.net:27017, ac-yaibhqr-shard-00-02.lpqrstc.mongodb.net:27017, ac-yaibhqr-shard-00-00.lpqrstc.mongodb.net:27017], passives=[], arbiters=[], primary='ac-yaibhqr-shard-00-02.lpqrstc.mongodb.net:27017', tagSet=TagSet{[Tag{name='cacheState', value='READY'}, Tag{name='diskState', value='READY'}, Tag{name='nodeType', value='ELECTABLE'}, Tag{name='provider', value='AZURE'}, Tag{name='region', value='CANADA_CENTRAL'}, Tag{name='workloadType', value='OPERATIONAL'}]}, electionId=7fffffff0000000000000117, setVersion=21, topologyVersion=TopologyVersion{processId=69f39120ae42fa14949a52b3, counter=6}, lastWriteDate=Sat May 02 12:29:04 COT 2026, lastUpdateTimeNanos=1496297350500}
2026-05-02T12:29:05.299-05:00  INFO 20904 --- [SIGPROD] [ngodb.net:27017] org.mongodb.driver.cluster               : Monitor thread successfully connected to server with description ServerDescription{address=ac-yaibhqr-shard-00-01.lpqrstc.mongodb.net:27017, type=REPLICA_SET_SECONDARY, cryptd=false, state=CONNECTED, ok=true, minWireVersion=0, maxWireVersion=25, maxDocumentSize=16777216, logicalSessionTimeoutMinutes=30, roundTripTimeNanos=605528600, minRoundTripTimeNanos=0, setName='atlas-131tqj-shard-0', canonicalAddress=ac-yaibhqr-shard-00-01.lpqrstc.mongodb.net:27017, hosts=[ac-yaibhqr-shard-00-01.lpqrstc.mongodb.net:27017, ac-yaibhqr-shard-00-02.lpqrstc.mongodb.net:27017, ac-yaibhqr-shard-00-00.lpqrstc.mongodb.net:27017], passives=[], arbiters=[], primary='ac-yaibhqr-shard-00-02.lpqrstc.mongodb.net:27017', tagSet=TagSet{[Tag{name='cacheState', value='READY'}, Tag{name='diskState', value='READY'}, Tag{name='nodeType', value='ELECTABLE'}, Tag{name='provider', value='AZURE'}, Tag{name='region', value='CANADA_CENTRAL'}, Tag{name='workloadType', value='OPERATIONAL'}]}, electionId=null, setVersion=21, topologyVersion=TopologyVersion{processId=69f3937f9a0bccad2b6fdb92, counter=3}, lastWriteDate=Sat May 02 12:29:04 COT 2026, lastUpdateTimeNanos=1496297350400}
2026-05-02T12:29:05.299-05:00  INFO 20904 --- [SIGPROD] [ngodb.net:27017] org.mongodb.driver.cluster               : Monitor thread successfully connected to server with description ServerDescription{address=ac-yaibhqr-shard-00-00.lpqrstc.mongodb.net:27017, type=REPLICA_SET_SECONDARY, cryptd=false, state=CONNECTED, ok=true, minWireVersion=0, maxWireVersion=25, maxDocumentSize=16777216, logicalSessionTimeoutMinutes=30, roundTripTimeNanos=605526700, minRoundTripTimeNanos=0, setName='atlas-131tqj-shard-0', canonicalAddress=ac-yaibhqr-shard-00-00.lpqrstc.mongodb.net:27017, hosts=[ac-yaibhqr-shard-00-01.lpqrstc.mongodb.net:27017, ac-yaibhqr-shard-00-02.lpqrstc.mongodb.net:27017, ac-yaibhqr-shard-00-00.lpqrstc.mongodb.net:27017], passives=[], arbiters=[], primary='ac-yaibhqr-shard-00-02.lpqrstc.mongodb.net:27017', tagSet=TagSet{[Tag{name='cacheState', value='READY'}, Tag{name='diskState', value='READY'}, Tag{name='nodeType', value='ELECTABLE'}, Tag{name='provider', value='AZURE'}, Tag{name='region', value='CANADA_CENTRAL'}, Tag{name='workloadType', value='OPERATIONAL'}]}, electionId=null, setVersion=21, topologyVersion=TopologyVersion{processId=69f38f07ffbf291247ed5f11, counter=4}, lastWriteDate=Sat May 02 12:29:04 COT 2026, lastUpdateTimeNanos=1496297350400}
2026-05-02T12:29:05.305-05:00  INFO 20904 --- [SIGPROD] [ngodb.net:27017] org.mongodb.driver.cluster               : Discovered replica set primary ac-yaibhqr-shard-00-02.lpqrstc.mongodb.net:27017 with max election id 7fffffff0000000000000117 and max set version 21
2026-05-02T12:29:05.491-05:00  INFO 20904 --- [SIGPROD] [           main] r$InitializeUserDetailsManagerConfigurer : Global AuthenticationManager configured with UserDetailsService bean with name sigprodUserDetailsService
2026-05-02T12:29:05.869-05:00 DEBUG 20904 --- [SIGPROD] [           main] o.s.s.web.DefaultSecurityFilterChain     : Will secure any request with filters: DisableEncodeUrlFilter, WebAsyncManagerIntegrationFilter, SecurityContextHolderFilter, HeaderWriterFilter, CsrfFilter, LogoutFilter, UsernamePasswordAuthenticationFilter, RequestCacheAwareFilter, SecurityContextHolderAwareRequestFilter, AnonymousAuthenticationFilter, ExceptionTranslationFilter, AuthorizationFilter
2026-05-02T12:29:06.822-05:00  INFO 20904 --- [SIGPROD] [           main] com.sigpro.SigprodApplicationTests       : Started SigprodApplicationTests in 7.716 seconds (process running for 12.373)
2026-05-02T12:29:06.831-05:00  INFO 20904 --- [SIGPROD] [           main] c.sigpro.config.MongoStartupDiagnostics  : MongoDB URI configurada (sin credenciales): mongodb+srv://***@empresarial.lpqrstc.mongodb.net/sigprod?retryWrites=true&w=majority&serverSelectionTimeoutMS=10000&connectTimeoutMS=10000&socketTimeoutMS=15000
2026-05-02T12:29:06.831-05:00  INFO 20904 --- [SIGPROD] [           main] c.sigpro.config.MongoStartupDiagnostics  : MongoDB database (spring.data.mongodb.database): sigprod
2026-05-02T12:29:07.922-05:00  INFO 20904 --- [SIGPROD] [           main] c.sigpro.config.MongoDatabaseBootstrap   : MongoDB: base 'test' disponible (colección 'application_meta' con documento de arranque).
2026-05-02T12:29:10.716-05:00  INFO 20904 --- [SIGPROD] [           main] com.sigpro.config.DevDataSeeder          : DevDataSeeder: datos de referencia aplicados (usuarios/proyectos idempotentes). Base 'sigprod'.
]]></system-out>
  </testcase>
</testsuite>